<?xml version="1.0" encoding="UTF-8"?>
<coverage generated="1653022009204" clover="3.2.0">
  <project timestamp="1653022009205" name="All files">
    <metrics statements="17" coveredstatements="17" conditionals="0" coveredconditionals="0" methods="6" coveredmethods="6" elements="23" coveredelements="23" complexity="0" loc="17" ncloc="17" packages="1" files="1" classes="1"/>
    <file name="universe.js" path="/Users/RB/Desktop/space-age/src/js/universe.js">
      <metrics statements="17" coveredstatements="17" conditionals="0" coveredconditionals="0" methods="6" coveredmethods="6"/>
      <line num="3" count="6" type="stmt"/>
      <line num="4" count="6" type="stmt"/>
      <line num="5" count="6" type="stmt"/>
      <line num="9" count="1" type="stmt"/>
      <line num="10" count="1" type="stmt"/>
      <line num="14" count="1" type="stmt"/>
      <line num="15" count="1" type="stmt"/>
      <line num="16" count="1" type="stmt"/>
      <line num="20" count="1" type="stmt"/>
      <line num="21" count="1" type="stmt"/>
      <line num="22" count="1" type="stmt"/>
      <line num="26" count="1" type="stmt"/>
      <line num="27" count="1" type="stmt"/>
      <line num="28" count="1" type="stmt"/>
      <line num="32" count="1" type="stmt"/>
      <line num="33" count="1" type="stmt"/>
      <line num="34" count="1" type="stmt"/>
    </file>
  </project>
</coverage>
